The system is: Linux - 2.6.32-431.3.1.el6.x86_64 - x86_64
Compiling the CXX compiler identification source file "CMakeCXXCompilerId.cpp" succeeded.
Compiler: /u/f/a/fanj/local/bin/c++ 
Build flags: 
Id flags: 

The output was:
0


Compilation of the CXX compiler identification source "CMakeCXXCompilerId.cpp" produced "a.out"

The CXX compiler identification is GNU, found in "/u/f/a/fanj/twitter_aggregation/CMakeFiles/2.8.12.2/CompilerIdCXX/a.out"

Compiling the C compiler identification source file "CMakeCCompilerId.c" succeeded.
Compiler: /u/f/a/fanj/local/bin/gcc 
Build flags: 
Id flags: 

The output was:
0


Compilation of the C compiler identification source "CMakeCCompilerId.c" produced "a.out"

The C compiler identification is GNU, found in "/u/f/a/fanj/twitter_aggregation/CMakeFiles/2.8.12.2/CompilerIdC/a.out"

Determining if the CXX compiler works passed with the following output:
Change Dir: /u/f/a/fanj/twitter_aggregation/CMakeFiles/CMakeTmp

Run Build Command:/usr/bin/gmake "cmTryCompileExec176068711/fast"
/usr/bin/gmake -f CMakeFiles/cmTryCompileExec176068711.dir/build.make CMakeFiles/cmTryCompileExec176068711.dir/build
gmake[1]: Entering directory `/afs/cs.wisc.edu/u/f/a/fanj/twitter_aggregation/CMakeFiles/CMakeTmp'
/u/f/a/fanj/local/bin/cmake -E cmake_progress_report /u/f/a/fanj/twitter_aggregation/CMakeFiles/CMakeTmp/CMakeFiles 1
Building CXX object CMakeFiles/cmTryCompileExec176068711.dir/testCXXCompiler.cxx.o
/u/f/a/fanj/local/bin/c++     -o CMakeFiles/cmTryCompileExec176068711.dir/testCXXCompiler.cxx.o -c /u/f/a/fanj/twitter_aggregation/CMakeFiles/CMakeTmp/testCXXCompiler.cxx
Linking CXX executable cmTryCompileExec176068711
/u/f/a/fanj/local/bin/cmake -E cmake_link_script CMakeFiles/cmTryCompileExec176068711.dir/link.txt --verbose=1
/u/f/a/fanj/local/bin/c++        CMakeFiles/cmTryCompileExec176068711.dir/testCXXCompiler.cxx.o  -o cmTryCompileExec176068711 -rdynamic 
gmake[1]: Leaving directory `/afs/cs.wisc.edu/u/f/a/fanj/twitter_aggregation/CMakeFiles/CMakeTmp'


Detecting CXX compiler ABI info compiled with the following output:
Change Dir: /u/f/a/fanj/twitter_aggregation/CMakeFiles/CMakeTmp

Run Build Command:/usr/bin/gmake "cmTryCompileExec3304026935/fast"
/usr/bin/gmake -f CMakeFiles/cmTryCompileExec3304026935.dir/build.make CMakeFiles/cmTryCompileExec3304026935.dir/build
gmake[1]: Entering directory `/afs/cs.wisc.edu/u/f/a/fanj/twitter_aggregation/CMakeFiles/CMakeTmp'
/u/f/a/fanj/local/bin/cmake -E cmake_progress_report /u/f/a/fanj/twitter_aggregation/CMakeFiles/CMakeTmp/CMakeFiles 1
Building CXX object CMakeFiles/cmTryCompileExec3304026935.dir/CMakeCXXCompilerABI.cpp.o
/u/f/a/fanj/local/bin/c++     -o CMakeFiles/cmTryCompileExec3304026935.dir/CMakeCXXCompilerABI.cpp.o -c /u/f/a/fanj/local/share/cmake-2.8/Modules/CMakeCXXCompilerABI.cpp
Linking CXX executable cmTryCompileExec3304026935
/u/f/a/fanj/local/bin/cmake -E cmake_link_script CMakeFiles/cmTryCompileExec3304026935.dir/link.txt --verbose=1
/u/f/a/fanj/local/bin/c++      -v CMakeFiles/cmTryCompileExec3304026935.dir/CMakeCXXCompilerABI.cpp.o  -o cmTryCompileExec3304026935 -rdynamic  
Using built-in specs.
COLLECT_GCC=/u/f/a/fanj/local/bin/c++
COLLECT_LTO_WRAPPER=/afs/cs.wisc.edu/u/f/a/fanj/local/bin/../libexec/gcc/x86_64-unknown-linux-gnu/4.8.2/lto-wrapper
Target: x86_64-unknown-linux-gnu
Configured with: /u/f/a/fanj/gcc-4.8.2/configure --prefix=/u/f/a/fanj/local/ --enable-threads --enable-languages=c,c++
Thread model: posix
gcc version 4.8.2 (GCC) 
COMPILER_PATH=/afs/cs.wisc.edu/u/f/a/fanj/local/bin/../libexec/gcc/x86_64-unknown-linux-gnu/4.8.2/:/afs/cs.wisc.edu/u/f/a/fanj/local/bin/../libexec/gcc/
LIBRARY_PATH=/afs/cs.wisc.edu/u/f/a/fanj/local/bin/../lib/gcc/x86_64-unknown-linux-gnu/4.8.2/:/afs/cs.wisc.edu/u/f/a/fanj/local/bin/../lib/gcc/:/afs/cs.wisc.edu/u/f/a/fanj/local/bin/../lib/gcc/x86_64-unknown-linux-gnu/4.8.2/../../../../lib64/:/lib/../lib64/:/usr/lib/../lib64/:/afs/cs.wisc.edu/u/f/a/fanj/local/bin/../lib/gcc/x86_64-unknown-linux-gnu/4.8.2/../../../:/lib/:/usr/lib/
COLLECT_GCC_OPTIONS='-v' '-o' 'cmTryCompileExec3304026935' '-rdynamic' '-shared-libgcc' '-mtune=generic' '-march=x86-64'
 /afs/cs.wisc.edu/u/f/a/fanj/local/bin/../libexec/gcc/x86_64-unknown-linux-gnu/4.8.2/collect2 --eh-frame-hdr -m elf_x86_64 -export-dynamic -dynamic-linker /lib64/ld-linux-x86-64.so.2 -o cmTryCompileExec3304026935 /usr/lib/../lib64/crt1.o /usr/lib/../lib64/crti.o /afs/cs.wisc.edu/u/f/a/fanj/local/bin/../lib/gcc/x86_64-unknown-linux-gnu/4.8.2/crtbegin.o -L/afs/cs.wisc.edu/u/f/a/fanj/local/bin/../lib/gcc/x86_64-unknown-linux-gnu/4.8.2 -L/afs/cs.wisc.edu/u/f/a/fanj/local/bin/../lib/gcc -L/afs/cs.wisc.edu/u/f/a/fanj/local/bin/../lib/gcc/x86_64-unknown-linux-gnu/4.8.2/../../../../lib64 -L/lib/../lib64 -L/usr/lib/../lib64 -L/afs/cs.wisc.edu/u/f/a/fanj/local/bin/../lib/gcc/x86_64-unknown-linux-gnu/4.8.2/../../.. CMakeFiles/cmTryCompileExec3304026935.dir/CMakeCXXCompilerABI.cpp.o -lstdc++ -lm -lgcc_s -lgcc -lc -lgcc_s -lgcc /afs/cs.wisc.edu/u/f/a/fanj/local/bin/../lib/gcc/x86_64-unknown-linux-gnu/4.8.2/crtend.o /usr/lib/../lib64/crtn.o
gmake[1]: Leaving directory `/afs/cs.wisc.edu/u/f/a/fanj/twitter_aggregation/CMakeFiles/CMakeTmp'


Parsed CXX implicit link information from above output:
  link line regex: [^( *|.*[/\])(ld|([^/\]+-)?ld|collect2)[^/\]*( |$)]
  ignore line: [Change Dir: /u/f/a/fanj/twitter_aggregation/CMakeFiles/CMakeTmp]
  ignore line: []
  ignore line: [Run Build Command:/usr/bin/gmake "cmTryCompileExec3304026935/fast"]
  ignore line: [/usr/bin/gmake -f CMakeFiles/cmTryCompileExec3304026935.dir/build.make CMakeFiles/cmTryCompileExec3304026935.dir/build]
  ignore line: [gmake[1]: Entering directory `/afs/cs.wisc.edu/u/f/a/fanj/twitter_aggregation/CMakeFiles/CMakeTmp']
  ignore line: [/u/f/a/fanj/local/bin/cmake -E cmake_progress_report /u/f/a/fanj/twitter_aggregation/CMakeFiles/CMakeTmp/CMakeFiles 1]
  ignore line: [Building CXX object CMakeFiles/cmTryCompileExec3304026935.dir/CMakeCXXCompilerABI.cpp.o]
  ignore line: [/u/f/a/fanj/local/bin/c++     -o CMakeFiles/cmTryCompileExec3304026935.dir/CMakeCXXCompilerABI.cpp.o -c /u/f/a/fanj/local/share/cmake-2.8/Modules/CMakeCXXCompilerABI.cpp]
  ignore line: [Linking CXX executable cmTryCompileExec3304026935]
  ignore line: [/u/f/a/fanj/local/bin/cmake -E cmake_link_script CMakeFiles/cmTryCompileExec3304026935.dir/link.txt --verbose=1]
  ignore line: [/u/f/a/fanj/local/bin/c++      -v CMakeFiles/cmTryCompileExec3304026935.dir/CMakeCXXCompilerABI.cpp.o  -o cmTryCompileExec3304026935 -rdynamic  ]
  ignore line: [Using built-in specs.]
  ignore line: [COLLECT_GCC=/u/f/a/fanj/local/bin/c++]
  ignore line: [COLLECT_LTO_WRAPPER=/afs/cs.wisc.edu/u/f/a/fanj/local/bin/../libexec/gcc/x86_64-unknown-linux-gnu/4.8.2/lto-wrapper]
  ignore line: [Target: x86_64-unknown-linux-gnu]
  ignore line: [Configured with: /u/f/a/fanj/gcc-4.8.2/configure --prefix=/u/f/a/fanj/local/ --enable-threads --enable-languages=c,c++]
  ignore line: [Thread model: posix]
  ignore line: [gcc version 4.8.2 (GCC) ]
  ignore line: [COMPILER_PATH=/afs/cs.wisc.edu/u/f/a/fanj/local/bin/../libexec/gcc/x86_64-unknown-linux-gnu/4.8.2/:/afs/cs.wisc.edu/u/f/a/fanj/local/bin/../libexec/gcc/]
  ignore line: [LIBRARY_PATH=/afs/cs.wisc.edu/u/f/a/fanj/local/bin/../lib/gcc/x86_64-unknown-linux-gnu/4.8.2/:/afs/cs.wisc.edu/u/f/a/fanj/local/bin/../lib/gcc/:/afs/cs.wisc.edu/u/f/a/fanj/local/bin/../lib/gcc/x86_64-unknown-linux-gnu/4.8.2/../../../../lib64/:/lib/../lib64/:/usr/lib/../lib64/:/afs/cs.wisc.edu/u/f/a/fanj/local/bin/../lib/gcc/x86_64-unknown-linux-gnu/4.8.2/../../../:/lib/:/usr/lib/]
  ignore line: [COLLECT_GCC_OPTIONS='-v' '-o' 'cmTryCompileExec3304026935' '-rdynamic' '-shared-libgcc' '-mtune=generic' '-march=x86-64']
  link line: [ /afs/cs.wisc.edu/u/f/a/fanj/local/bin/../libexec/gcc/x86_64-unknown-linux-gnu/4.8.2/collect2 --eh-frame-hdr -m elf_x86_64 -export-dynamic -dynamic-linker /lib64/ld-linux-x86-64.so.2 -o cmTryCompileExec3304026935 /usr/lib/../lib64/crt1.o /usr/lib/../lib64/crti.o /afs/cs.wisc.edu/u/f/a/fanj/local/bin/../lib/gcc/x86_64-unknown-linux-gnu/4.8.2/crtbegin.o -L/afs/cs.wisc.edu/u/f/a/fanj/local/bin/../lib/gcc/x86_64-unknown-linux-gnu/4.8.2 -L/afs/cs.wisc.edu/u/f/a/fanj/local/bin/../lib/gcc -L/afs/cs.wisc.edu/u/f/a/fanj/local/bin/../lib/gcc/x86_64-unknown-linux-gnu/4.8.2/../../../../lib64 -L/lib/../lib64 -L/usr/lib/../lib64 -L/afs/cs.wisc.edu/u/f/a/fanj/local/bin/../lib/gcc/x86_64-unknown-linux-gnu/4.8.2/../../.. CMakeFiles/cmTryCompileExec3304026935.dir/CMakeCXXCompilerABI.cpp.o -lstdc++ -lm -lgcc_s -lgcc -lc -lgcc_s -lgcc /afs/cs.wisc.edu/u/f/a/fanj/local/bin/../lib/gcc/x86_64-unknown-linux-gnu/4.8.2/crtend.o /usr/lib/../lib64/crtn.o]
    arg [/afs/cs.wisc.edu/u/f/a/fanj/local/bin/../libexec/gcc/x86_64-unknown-linux-gnu/4.8.2/collect2] ==> ignore
    arg [--eh-frame-hdr] ==> ignore
    arg [-m] ==> ignore
    arg [elf_x86_64] ==> ignore
    arg [-export-dynamic] ==> ignore
    arg [-dynamic-linker] ==> ignore
    arg [/lib64/ld-linux-x86-64.so.2] ==> ignore
    arg [-o] ==> ignore
    arg [cmTryCompileExec3304026935] ==> ignore
    arg [/usr/lib/../lib64/crt1.o] ==> ignore
    arg [/usr/lib/../lib64/crti.o] ==> ignore
    arg [/afs/cs.wisc.edu/u/f/a/fanj/local/bin/../lib/gcc/x86_64-unknown-linux-gnu/4.8.2/crtbegin.o] ==> ignore
    arg [-L/afs/cs.wisc.edu/u/f/a/fanj/local/bin/../lib/gcc/x86_64-unknown-linux-gnu/4.8.2] ==> dir [/afs/cs.wisc.edu/u/f/a/fanj/local/bin/../lib/gcc/x86_64-unknown-linux-gnu/4.8.2]
    arg [-L/afs/cs.wisc.edu/u/f/a/fanj/local/bin/../lib/gcc] ==> dir [/afs/cs.wisc.edu/u/f/a/fanj/local/bin/../lib/gcc]
    arg [-L/afs/cs.wisc.edu/u/f/a/fanj/local/bin/../lib/gcc/x86_64-unknown-linux-gnu/4.8.2/../../../../lib64] ==> dir [/afs/cs.wisc.edu/u/f/a/fanj/local/bin/../lib/gcc/x86_64-unknown-linux-gnu/4.8.2/../../../../lib64]
    arg [-L/lib/../lib64] ==> dir [/lib/../lib64]
    arg [-L/usr/lib/../lib64] ==> dir [/usr/lib/../lib64]
    arg [-L/afs/cs.wisc.edu/u/f/a/fanj/local/bin/../lib/gcc/x86_64-unknown-linux-gnu/4.8.2/../../..] ==> dir [/afs/cs.wisc.edu/u/f/a/fanj/local/bin/../lib/gcc/x86_64-unknown-linux-gnu/4.8.2/../../..]
    arg [CMakeFiles/cmTryCompileExec3304026935.dir/CMakeCXXCompilerABI.cpp.o] ==> ignore
    arg [-lstdc++] ==> lib [stdc++]
    arg [-lm] ==> lib [m]
    arg [-lgcc_s] ==> lib [gcc_s]
    arg [-lgcc] ==> lib [gcc]
    arg [-lc] ==> lib [c]
    arg [-lgcc_s] ==> lib [gcc_s]
    arg [-lgcc] ==> lib [gcc]
    arg [/afs/cs.wisc.edu/u/f/a/fanj/local/bin/../lib/gcc/x86_64-unknown-linux-gnu/4.8.2/crtend.o] ==> ignore
    arg [/usr/lib/../lib64/crtn.o] ==> ignore
  remove lib [gcc_s]
  remove lib [gcc]
  remove lib [gcc_s]
  remove lib [gcc]
  collapse library dir [/afs/cs.wisc.edu/u/f/a/fanj/local/bin/../lib/gcc/x86_64-unknown-linux-gnu/4.8.2] ==> [/u/f/a/fanj/local/lib/gcc/x86_64-unknown-linux-gnu/4.8.2]
  collapse library dir [/afs/cs.wisc.edu/u/f/a/fanj/local/bin/../lib/gcc] ==> [/u/f/a/fanj/local/lib/gcc]
  collapse library dir [/afs/cs.wisc.edu/u/f/a/fanj/local/bin/../lib/gcc/x86_64-unknown-linux-gnu/4.8.2/../../../../lib64] ==> [/u/f/a/fanj/local/lib64]
  collapse library dir [/lib/../lib64] ==> [/lib64]
  collapse library dir [/usr/lib/../lib64] ==> [/usr/lib64]
  collapse library dir [/afs/cs.wisc.edu/u/f/a/fanj/local/bin/../lib/gcc/x86_64-unknown-linux-gnu/4.8.2/../../..] ==> [/u/f/a/fanj/local/lib]
  implicit libs: [stdc++;m;c]
  implicit dirs: [/u/f/a/fanj/local/lib/gcc/x86_64-unknown-linux-gnu/4.8.2;/u/f/a/fanj/local/lib/gcc;/u/f/a/fanj/local/lib64;/lib64;/usr/lib64;/u/f/a/fanj/local/lib]
  implicit fwks: []


Determining if the C compiler works passed with the following output:
Change Dir: /u/f/a/fanj/twitter_aggregation/CMakeFiles/CMakeTmp

Run Build Command:/usr/bin/gmake "cmTryCompileExec2712075881/fast"
/usr/bin/gmake -f CMakeFiles/cmTryCompileExec2712075881.dir/build.make CMakeFiles/cmTryCompileExec2712075881.dir/build
gmake[1]: Entering directory `/afs/cs.wisc.edu/u/f/a/fanj/twitter_aggregation/CMakeFiles/CMakeTmp'
/u/f/a/fanj/local/bin/cmake -E cmake_progress_report /u/f/a/fanj/twitter_aggregation/CMakeFiles/CMakeTmp/CMakeFiles 1
Building C object CMakeFiles/cmTryCompileExec2712075881.dir/testCCompiler.c.o
/u/f/a/fanj/local/bin/gcc    -o CMakeFiles/cmTryCompileExec2712075881.dir/testCCompiler.c.o   -c /u/f/a/fanj/twitter_aggregation/CMakeFiles/CMakeTmp/testCCompiler.c
Linking C executable cmTryCompileExec2712075881
/u/f/a/fanj/local/bin/cmake -E cmake_link_script CMakeFiles/cmTryCompileExec2712075881.dir/link.txt --verbose=1
/u/f/a/fanj/local/bin/gcc       CMakeFiles/cmTryCompileExec2712075881.dir/testCCompiler.c.o  -o cmTryCompileExec2712075881 -rdynamic 
gmake[1]: Leaving directory `/afs/cs.wisc.edu/u/f/a/fanj/twitter_aggregation/CMakeFiles/CMakeTmp'


Detecting C compiler ABI info compiled with the following output:
Change Dir: /u/f/a/fanj/twitter_aggregation/CMakeFiles/CMakeTmp

Run Build Command:/usr/bin/gmake "cmTryCompileExec182024606/fast"
/usr/bin/gmake -f CMakeFiles/cmTryCompileExec182024606.dir/build.make CMakeFiles/cmTryCompileExec182024606.dir/build
gmake[1]: Entering directory `/afs/cs.wisc.edu/u/f/a/fanj/twitter_aggregation/CMakeFiles/CMakeTmp'
/u/f/a/fanj/local/bin/cmake -E cmake_progress_report /u/f/a/fanj/twitter_aggregation/CMakeFiles/CMakeTmp/CMakeFiles 1
Building C object CMakeFiles/cmTryCompileExec182024606.dir/CMakeCCompilerABI.c.o
/u/f/a/fanj/local/bin/gcc    -o CMakeFiles/cmTryCompileExec182024606.dir/CMakeCCompilerABI.c.o   -c /u/f/a/fanj/local/share/cmake-2.8/Modules/CMakeCCompilerABI.c
Linking C executable cmTryCompileExec182024606
/u/f/a/fanj/local/bin/cmake -E cmake_link_script CMakeFiles/cmTryCompileExec182024606.dir/link.txt --verbose=1
/u/f/a/fanj/local/bin/gcc     -v CMakeFiles/cmTryCompileExec182024606.dir/CMakeCCompilerABI.c.o  -o cmTryCompileExec182024606 -rdynamic  
Using built-in specs.
COLLECT_GCC=/u/f/a/fanj/local/bin/gcc
COLLECT_LTO_WRAPPER=/afs/cs.wisc.edu/u/f/a/fanj/local/bin/../libexec/gcc/x86_64-unknown-linux-gnu/4.8.2/lto-wrapper
Target: x86_64-unknown-linux-gnu
Configured with: /u/f/a/fanj/gcc-4.8.2/configure --prefix=/u/f/a/fanj/local/ --enable-threads --enable-languages=c,c++
Thread model: posix
gcc version 4.8.2 (GCC) 
COMPILER_PATH=/afs/cs.wisc.edu/u/f/a/fanj/local/bin/../libexec/gcc/x86_64-unknown-linux-gnu/4.8.2/:/afs/cs.wisc.edu/u/f/a/fanj/local/bin/../libexec/gcc/
LIBRARY_PATH=/afs/cs.wisc.edu/u/f/a/fanj/local/bin/../lib/gcc/x86_64-unknown-linux-gnu/4.8.2/:/afs/cs.wisc.edu/u/f/a/fanj/local/bin/../lib/gcc/:/afs/cs.wisc.edu/u/f/a/fanj/local/bin/../lib/gcc/x86_64-unknown-linux-gnu/4.8.2/../../../../lib64/:/lib/../lib64/:/usr/lib/../lib64/:/afs/cs.wisc.edu/u/f/a/fanj/local/bin/../lib/gcc/x86_64-unknown-linux-gnu/4.8.2/../../../:/lib/:/usr/lib/
COLLECT_GCC_OPTIONS='-v' '-o' 'cmTryCompileExec182024606' '-rdynamic' '-mtune=generic' '-march=x86-64'
 /afs/cs.wisc.edu/u/f/a/fanj/local/bin/../libexec/gcc/x86_64-unknown-linux-gnu/4.8.2/collect2 --eh-frame-hdr -m elf_x86_64 -export-dynamic -dynamic-linker /lib64/ld-linux-x86-64.so.2 -o cmTryCompileExec182024606 /usr/lib/../lib64/crt1.o /usr/lib/../lib64/crti.o /afs/cs.wisc.edu/u/f/a/fanj/local/bin/../lib/gcc/x86_64-unknown-linux-gnu/4.8.2/crtbegin.o -L/afs/cs.wisc.edu/u/f/a/fanj/local/bin/../lib/gcc/x86_64-unknown-linux-gnu/4.8.2 -L/afs/cs.wisc.edu/u/f/a/fanj/local/bin/../lib/gcc -L/afs/cs.wisc.edu/u/f/a/fanj/local/bin/../lib/gcc/x86_64-unknown-linux-gnu/4.8.2/../../../../lib64 -L/lib/../lib64 -L/usr/lib/../lib64 -L/afs/cs.wisc.edu/u/f/a/fanj/local/bin/../lib/gcc/x86_64-unknown-linux-gnu/4.8.2/../../.. CMakeFiles/cmTryCompileExec182024606.dir/CMakeCCompilerABI.c.o -lgcc --as-needed -lgcc_s --no-as-needed -lc -lgcc --as-needed -lgcc_s --no-as-needed /afs/cs.wisc.edu/u/f/a/fanj/local/bin/../lib/gcc/x86_64-unknown-linux-gnu/4.8.2/crtend.o /usr/lib/../lib64/crtn.o
gmake[1]: Leaving directory `/afs/cs.wisc.edu/u/f/a/fanj/twitter_aggregation/CMakeFiles/CMakeTmp'


Parsed C implicit link information from above output:
  link line regex: [^( *|.*[/\])(ld|([^/\]+-)?ld|collect2)[^/\]*( |$)]
  ignore line: [Change Dir: /u/f/a/fanj/twitter_aggregation/CMakeFiles/CMakeTmp]
  ignore line: []
  ignore line: [Run Build Command:/usr/bin/gmake "cmTryCompileExec182024606/fast"]
  ignore line: [/usr/bin/gmake -f CMakeFiles/cmTryCompileExec182024606.dir/build.make CMakeFiles/cmTryCompileExec182024606.dir/build]
  ignore line: [gmake[1]: Entering directory `/afs/cs.wisc.edu/u/f/a/fanj/twitter_aggregation/CMakeFiles/CMakeTmp']
  ignore line: [/u/f/a/fanj/local/bin/cmake -E cmake_progress_report /u/f/a/fanj/twitter_aggregation/CMakeFiles/CMakeTmp/CMakeFiles 1]
  ignore line: [Building C object CMakeFiles/cmTryCompileExec182024606.dir/CMakeCCompilerABI.c.o]
  ignore line: [/u/f/a/fanj/local/bin/gcc    -o CMakeFiles/cmTryCompileExec182024606.dir/CMakeCCompilerABI.c.o   -c /u/f/a/fanj/local/share/cmake-2.8/Modules/CMakeCCompilerABI.c]
  ignore line: [Linking C executable cmTryCompileExec182024606]
  ignore line: [/u/f/a/fanj/local/bin/cmake -E cmake_link_script CMakeFiles/cmTryCompileExec182024606.dir/link.txt --verbose=1]
  ignore line: [/u/f/a/fanj/local/bin/gcc     -v CMakeFiles/cmTryCompileExec182024606.dir/CMakeCCompilerABI.c.o  -o cmTryCompileExec182024606 -rdynamic  ]
  ignore line: [Using built-in specs.]
  ignore line: [COLLECT_GCC=/u/f/a/fanj/local/bin/gcc]
  ignore line: [COLLECT_LTO_WRAPPER=/afs/cs.wisc.edu/u/f/a/fanj/local/bin/../libexec/gcc/x86_64-unknown-linux-gnu/4.8.2/lto-wrapper]
  ignore line: [Target: x86_64-unknown-linux-gnu]
  ignore line: [Configured with: /u/f/a/fanj/gcc-4.8.2/configure --prefix=/u/f/a/fanj/local/ --enable-threads --enable-languages=c,c++]
  ignore line: [Thread model: posix]
  ignore line: [gcc version 4.8.2 (GCC) ]
  ignore line: [COMPILER_PATH=/afs/cs.wisc.edu/u/f/a/fanj/local/bin/../libexec/gcc/x86_64-unknown-linux-gnu/4.8.2/:/afs/cs.wisc.edu/u/f/a/fanj/local/bin/../libexec/gcc/]
  ignore line: [LIBRARY_PATH=/afs/cs.wisc.edu/u/f/a/fanj/local/bin/../lib/gcc/x86_64-unknown-linux-gnu/4.8.2/:/afs/cs.wisc.edu/u/f/a/fanj/local/bin/../lib/gcc/:/afs/cs.wisc.edu/u/f/a/fanj/local/bin/../lib/gcc/x86_64-unknown-linux-gnu/4.8.2/../../../../lib64/:/lib/../lib64/:/usr/lib/../lib64/:/afs/cs.wisc.edu/u/f/a/fanj/local/bin/../lib/gcc/x86_64-unknown-linux-gnu/4.8.2/../../../:/lib/:/usr/lib/]
  ignore line: [COLLECT_GCC_OPTIONS='-v' '-o' 'cmTryCompileExec182024606' '-rdynamic' '-mtune=generic' '-march=x86-64']
  link line: [ /afs/cs.wisc.edu/u/f/a/fanj/local/bin/../libexec/gcc/x86_64-unknown-linux-gnu/4.8.2/collect2 --eh-frame-hdr -m elf_x86_64 -export-dynamic -dynamic-linker /lib64/ld-linux-x86-64.so.2 -o cmTryCompileExec182024606 /usr/lib/../lib64/crt1.o /usr/lib/../lib64/crti.o /afs/cs.wisc.edu/u/f/a/fanj/local/bin/../lib/gcc/x86_64-unknown-linux-gnu/4.8.2/crtbegin.o -L/afs/cs.wisc.edu/u/f/a/fanj/local/bin/../lib/gcc/x86_64-unknown-linux-gnu/4.8.2 -L/afs/cs.wisc.edu/u/f/a/fanj/local/bin/../lib/gcc -L/afs/cs.wisc.edu/u/f/a/fanj/local/bin/../lib/gcc/x86_64-unknown-linux-gnu/4.8.2/../../../../lib64 -L/lib/../lib64 -L/usr/lib/../lib64 -L/afs/cs.wisc.edu/u/f/a/fanj/local/bin/../lib/gcc/x86_64-unknown-linux-gnu/4.8.2/../../.. CMakeFiles/cmTryCompileExec182024606.dir/CMakeCCompilerABI.c.o -lgcc --as-needed -lgcc_s --no-as-needed -lc -lgcc --as-needed -lgcc_s --no-as-needed /afs/cs.wisc.edu/u/f/a/fanj/local/bin/../lib/gcc/x86_64-unknown-linux-gnu/4.8.2/crtend.o /usr/lib/../lib64/crtn.o]
    arg [/afs/cs.wisc.edu/u/f/a/fanj/local/bin/../libexec/gcc/x86_64-unknown-linux-gnu/4.8.2/collect2] ==> ignore
    arg [--eh-frame-hdr] ==> ignore
    arg [-m] ==> ignore
    arg [elf_x86_64] ==> ignore
    arg [-export-dynamic] ==> ignore
    arg [-dynamic-linker] ==> ignore
    arg [/lib64/ld-linux-x86-64.so.2] ==> ignore
    arg [-o] ==> ignore
    arg [cmTryCompileExec182024606] ==> ignore
    arg [/usr/lib/../lib64/crt1.o] ==> ignore
    arg [/usr/lib/../lib64/crti.o] ==> ignore
    arg [/afs/cs.wisc.edu/u/f/a/fanj/local/bin/../lib/gcc/x86_64-unknown-linux-gnu/4.8.2/crtbegin.o] ==> ignore
    arg [-L/afs/cs.wisc.edu/u/f/a/fanj/local/bin/../lib/gcc/x86_64-unknown-linux-gnu/4.8.2] ==> dir [/afs/cs.wisc.edu/u/f/a/fanj/local/bin/../lib/gcc/x86_64-unknown-linux-gnu/4.8.2]
    arg [-L/afs/cs.wisc.edu/u/f/a/fanj/local/bin/../lib/gcc] ==> dir [/afs/cs.wisc.edu/u/f/a/fanj/local/bin/../lib/gcc]
    arg [-L/afs/cs.wisc.edu/u/f/a/fanj/local/bin/../lib/gcc/x86_64-unknown-linux-gnu/4.8.2/../../../../lib64] ==> dir [/afs/cs.wisc.edu/u/f/a/fanj/local/bin/../lib/gcc/x86_64-unknown-linux-gnu/4.8.2/../../../../lib64]
    arg [-L/lib/../lib64] ==> dir [/lib/../lib64]
    arg [-L/usr/lib/../lib64] ==> dir [/usr/lib/../lib64]
    arg [-L/afs/cs.wisc.edu/u/f/a/fanj/local/bin/../lib/gcc/x86_64-unknown-linux-gnu/4.8.2/../../..] ==> dir [/afs/cs.wisc.edu/u/f/a/fanj/local/bin/../lib/gcc/x86_64-unknown-linux-gnu/4.8.2/../../..]
    arg [CMakeFiles/cmTryCompileExec182024606.dir/CMakeCCompilerABI.c.o] ==> ignore
    arg [-lgcc] ==> lib [gcc]
    arg [--as-needed] ==> ignore
    arg [-lgcc_s] ==> lib [gcc_s]
    arg [--no-as-needed] ==> ignore
    arg [-lc] ==> lib [c]
    arg [-lgcc] ==> lib [gcc]
    arg [--as-needed] ==> ignore
    arg [-lgcc_s] ==> lib [gcc_s]
    arg [--no-as-needed] ==> ignore
    arg [/afs/cs.wisc.edu/u/f/a/fanj/local/bin/../lib/gcc/x86_64-unknown-linux-gnu/4.8.2/crtend.o] ==> ignore
    arg [/usr/lib/../lib64/crtn.o] ==> ignore
  remove lib [gcc]
  remove lib [gcc_s]
  remove lib [gcc]
  remove lib [gcc_s]
  collapse library dir [/afs/cs.wisc.edu/u/f/a/fanj/local/bin/../lib/gcc/x86_64-unknown-linux-gnu/4.8.2] ==> [/u/f/a/fanj/local/lib/gcc/x86_64-unknown-linux-gnu/4.8.2]
  collapse library dir [/afs/cs.wisc.edu/u/f/a/fanj/local/bin/../lib/gcc] ==> [/u/f/a/fanj/local/lib/gcc]
  collapse library dir [/afs/cs.wisc.edu/u/f/a/fanj/local/bin/../lib/gcc/x86_64-unknown-linux-gnu/4.8.2/../../../../lib64] ==> [/u/f/a/fanj/local/lib64]
  collapse library dir [/lib/../lib64] ==> [/lib64]
  collapse library dir [/usr/lib/../lib64] ==> [/usr/lib64]
  collapse library dir [/afs/cs.wisc.edu/u/f/a/fanj/local/bin/../lib/gcc/x86_64-unknown-linux-gnu/4.8.2/../../..] ==> [/u/f/a/fanj/local/lib]
  implicit libs: [c]
  implicit dirs: [/u/f/a/fanj/local/lib/gcc/x86_64-unknown-linux-gnu/4.8.2;/u/f/a/fanj/local/lib/gcc;/u/f/a/fanj/local/lib64;/lib64;/usr/lib64;/u/f/a/fanj/local/lib]
  implicit fwks: []


Performing C++ SOURCE FILE Test COMPILER_HAS_STD_CXX11 succeded with the following output:
Change Dir: /u/f/a/fanj/twitter_aggregation/CMakeFiles/CMakeTmp

Run Build Command:/usr/bin/gmake "cmTryCompileExec662917479/fast"
/usr/bin/gmake -f CMakeFiles/cmTryCompileExec662917479.dir/build.make CMakeFiles/cmTryCompileExec662917479.dir/build
gmake[1]: Entering directory `/afs/cs.wisc.edu/u/f/a/fanj/twitter_aggregation/CMakeFiles/CMakeTmp'
/u/f/a/fanj/local/bin/cmake -E cmake_progress_report /u/f/a/fanj/twitter_aggregation/CMakeFiles/CMakeTmp/CMakeFiles 1
Building CXX object CMakeFiles/cmTryCompileExec662917479.dir/src.cxx.o
/u/f/a/fanj/local/bin/c++    -DCOMPILER_HAS_STD_CXX11   -std=c++11 -o CMakeFiles/cmTryCompileExec662917479.dir/src.cxx.o -c /u/f/a/fanj/twitter_aggregation/CMakeFiles/CMakeTmp/src.cxx
Linking CXX executable cmTryCompileExec662917479
/u/f/a/fanj/local/bin/cmake -E cmake_link_script CMakeFiles/cmTryCompileExec662917479.dir/link.txt --verbose=1
/u/f/a/fanj/local/bin/c++    -DCOMPILER_HAS_STD_CXX11    CMakeFiles/cmTryCompileExec662917479.dir/src.cxx.o  -o cmTryCompileExec662917479 -rdynamic 
gmake[1]: Leaving directory `/afs/cs.wisc.edu/u/f/a/fanj/twitter_aggregation/CMakeFiles/CMakeTmp'

Source file was:
int main() { return 0;}
Performing C++ SOURCE FILE Test COMPILER_HAS_STD_CXX11 succeded with the following output:
Change Dir: /u/f/a/fanj/aggregation/CMakeFiles/CMakeTmp

Run Build Command:/usr/bin/gmake "cmTryCompileExec225320851/fast"
/usr/bin/gmake -f CMakeFiles/cmTryCompileExec225320851.dir/build.make CMakeFiles/cmTryCompileExec225320851.dir/build
gmake[1]: Entering directory `/afs/cs.wisc.edu/u/f/a/fanj/aggregation/CMakeFiles/CMakeTmp'
/u/f/a/fanj/local/bin/cmake -E cmake_progress_report /u/f/a/fanj/aggregation/CMakeFiles/CMakeTmp/CMakeFiles 1
Building CXX object CMakeFiles/cmTryCompileExec225320851.dir/src.cxx.o
/u/f/a/fanj/local/bin/c++    -DCOMPILER_HAS_STD_CXX11   -std=c++11 -o CMakeFiles/cmTryCompileExec225320851.dir/src.cxx.o -c /u/f/a/fanj/aggregation/CMakeFiles/CMakeTmp/src.cxx
Linking CXX executable cmTryCompileExec225320851
/u/f/a/fanj/local/bin/cmake -E cmake_link_script CMakeFiles/cmTryCompileExec225320851.dir/link.txt --verbose=1
/u/f/a/fanj/local/bin/c++    -DCOMPILER_HAS_STD_CXX11    CMakeFiles/cmTryCompileExec225320851.dir/src.cxx.o  -o cmTryCompileExec225320851 -rdynamic 
gmake[1]: Leaving directory `/afs/cs.wisc.edu/u/f/a/fanj/aggregation/CMakeFiles/CMakeTmp'

Source file was:
int main() { return 0;}
